209
1
998
930 929
995 993
972
970
965 961
968 967
960 958
964
962
953 952
951
868 866
975
909 904
943 941
886
841 840
918 916
928 927
915 912
899
893
885 884
858 857
896
881 879
847 846
862 861
856 853
850
810 808
844
833 832
836
815
760 759
830
821
817 816
677
658
801 800
689 686
786
758 753
708
672
670 668
732
854
806 805
768
755
750 749
725
715 714
698 697
781 774
717 716
678
617 615
722
664 662
713
870
663
739
643 637
659 657
682
634 633
636 635
622 620
734
648
573 572
653 651
619 618
627
606
544 543
582 581
587 586
580 579
535 534
529 528
435
594
575
552 548
463
524 523
527 525
515
511 510
541
457
504
495 494
500
647
518 517
443 438
492 490
611
502
499
471 470
292
433
423
411
192
275
461 459
472
414 413
421
410 409
560
514
442
449 447
402 401
378
392 390
506
399 398
429
341 339
383 382
540
385 384
373 372
363 359
352
370
344 343
336 335
366 365
248 246
440
338 337
327 324
369
304 297
325
288 285
313
281
189
230
234 231
287
269 266
199 198
222
213
286
108 105
215 214
209
204 200
176
164
162 161
166
253 252
181
155 153
272
128 126
140
136
95 94
187
152 151
113
90
244 243
88 86
125
67 66
2 0
62
16
34
65 64
3
5
132
7
174
8 6
9
60
22
11
13
14
24
29
33
42
98
122
258
